<?xml version="1.0" encoding="UTF-8"?>
<!-- Generated by org.testng.reporters.JUnitXMLReporter -->
<testsuite hostname="MDLT072" ignored="0" name="Test" tests="2" failures="2" timestamp="2019-11-20T06:19:13 IST" time="0.113" errors="0">
  <testcase name="jirapostexecution" time="0.021" classname="com.apipostproject.JiraAPIAutomation.Jirapostmethod2">
    <failure type="java.io.FileNotFoundException" message="E:\apieclipsejee930\eclipse-workspace\JiraAPIAutomation\src\test\java\files\env.properties (The system cannot find the path specified)">
      <![CDATA[java.io.FileNotFoundException: E:\apieclipsejee930\eclipse-workspace\JiraAPIAutomation\src\test\java\files\env.properties (The system cannot find the path specified)
at java.io.FileInputStream.open0(Native Method)
at java.io.FileInputStream.open(Unknown Source)
at java.io.FileInputStream.<init>(Unknown Source)
at java.io.FileInputStream.<init>(Unknown Source)
at files.Jirareuseablemethod.Jiraenvironment(Jirareuseablemethod.java:21)
at com.apipostproject.JiraAPIAutomation.Jirapostmethod2.jirapostexecution(Jirapostmethod2.java:25)
at java.util.ArrayList.forEach(Unknown Source)
... Removed 27 stack frames]]>
    </failure>
  </testcase> <!-- jirapostexecution -->
  <testcase name="issueput" time="0.003" classname="com.apipostproject.JiraAPIAutomation.Jiraissueputmethod">
    <failure type="java.io.FileNotFoundException" message="E:\apieclipsejee930\eclipse-workspace\JiraAPIAutomation\src\test\java\files\env.properties (The system cannot find the path specified)">
      <![CDATA[java.io.FileNotFoundException: E:\apieclipsejee930\eclipse-workspace\JiraAPIAutomation\src\test\java\files\env.properties (The system cannot find the path specified)
at java.io.FileInputStream.open0(Native Method)
at java.io.FileInputStream.open(Unknown Source)
at java.io.FileInputStream.<init>(Unknown Source)
at java.io.FileInputStream.<init>(Unknown Source)
at files.Jirareuseablemethod.Jiraenvironment(Jirareuseablemethod.java:21)
at com.apipostproject.JiraAPIAutomation.Jiraissueputmethod.issueput(Jiraissueputmethod.java:22)
at java.util.ArrayList.forEach(Unknown Source)
... Removed 27 stack frames]]>
    </failure>
  </testcase> <!-- issueput -->
</testsuite> <!-- Test -->
